Build started 05/10/2014 11:54:46 AM.
     1>Project "C:\Users\LapTrinhVien\Desktop\Cac co che cap phat - giai phong con tro\Project 1\Project 1.vcxproj" on node 2 (build target(s)).
     1>InitializeBuildStatus:
         Creating "Debug\Project 1.unsuccessfulbuild" because "AlwaysCreate" was specified.
       ClCompile:
         c:\Program Files\Microsoft Visual Studio 10.0\VC\bin\CL.exe /c /ZI /nologo /W3 /WX- /Od /Oy- /D _MBCS /Gm /EHsc /RTC1 /MDd /GS /fp:precise /Zc:wchar_t /Zc:forScope /Fo"Debug\\" /Fd"Debug\vc100.pdb" /Gd /TP /analyze- /errorReport:prompt main.cpp
         main.cpp
     1>c:\users\laptrinhvien\desktop\cac co che cap phat - giai phong con tro\project 1\main.cpp(10): warning C4996: 'scanf': This function or variable may be unsafe. Consider using scanf_s instead. To disable deprecation, use _CRT_SECURE_NO_WARNINGS. See online help for details.
                 c:\program files\microsoft visual studio 10.0\vc\include\stdio.h(304) : see declaration of 'scanf'
     1>c:\users\laptrinhvien\desktop\cac co che cap phat - giai phong con tro\project 1\main.cpp(28): warning C4996: 'scanf': This function or variable may be unsafe. Consider using scanf_s instead. To disable deprecation, use _CRT_SECURE_NO_WARNINGS. See online help for details.
                 c:\program files\microsoft visual studio 10.0\vc\include\stdio.h(304) : see declaration of 'scanf'
     1>c:\users\laptrinhvien\desktop\cac co che cap phat - giai phong con tro\project 1\main.cpp(43): warning C4996: 'getch': The POSIX name for this item is deprecated. Instead, use the ISO C++ conformant name: _getch. See online help for details.
                 c:\program files\microsoft visual studio 10.0\vc\include\conio.h(128) : see declaration of 'getch'
       Link:
         c:\Program Files\Microsoft Visual Studio 10.0\VC\bin\link.exe /ERRORREPORT:PROMPT /OUT:"C:\Users\LapTrinhVien\Desktop\Cac co che cap phat - giai phong con tro\Debug\Project 1.exe" /NOLOGO kernel32.lib user32.lib gdi32.lib winspool.lib comdlg32.lib advapi32.lib shell32.lib ole32.lib oleaut32.lib uuid.lib odbc32.lib odbccp32.lib /MANIFEST /ManifestFile:"Debug\Project 1.exe.intermediate.manifest" /MANIFESTUAC:"level='asInvoker' uiAccess='false'" /DEBUG /PDB:"C:\Users\LapTrinhVien\Desktop\Cac co che cap phat - giai phong con tro\Debug\Project 1.pdb" /TLBID:1 /DYNAMICBASE /NXCOMPAT /IMPLIB:"C:\Users\LapTrinhVien\Desktop\Cac co che cap phat - giai phong con tro\Debug\Project 1.lib" /MACHINE:X86 Debug\main.obj
         LINK : C:\Users\LapTrinhVien\Desktop\Cac co che cap phat - giai phong con tro\Debug\Project 1.exe not found or not built by the last incremental link; performing full link
         Project 1.vcxproj -> C:\Users\LapTrinhVien\Desktop\Cac co che cap phat - giai phong con tro\Debug\Project 1.exe
       Manifest:
         c:\Program Files\Microsoft SDKs\Windows\v7.0A\bin\mt.exe /nologo /verbose /outputresource:"C:\Users\LapTrinhVien\Desktop\Cac co che cap phat - giai phong con tro\Debug\Project 1.exe;#1" /manifest "Debug\Project 1.exe.intermediate.manifest"
       FinalizeBuildStatus:
         Deleting file "Debug\Project 1.unsuccessfulbuild".
         Touching "Debug\Project 1.lastbuildstate".
     1>Done Building Project "C:\Users\LapTrinhVien\Desktop\Cac co che cap phat - giai phong con tro\Project 1\Project 1.vcxproj" (build target(s)).

Build succeeded.

Time Elapsed 00:00:01.56
